[01m[K/home/joel/Descargas/IR2121/patrollingTask/src/publisher.cpp:[m[K In function â€˜[01m[Kint main(int, char**)[m[Kâ€™:
[01m[K/home/joel/Descargas/IR2121/patrollingTask/src/publisher.cpp:70:9:[m[K [01;31m[Kerror: [m[Kâ€˜[01m[Kcount[m[Kâ€™ was not declared in this scope; did you mean â€˜[01m[Kstd::count[m[Kâ€™?
   70 |         [01;31m[Kcount[m[K+=1;
      |         [01;31m[K^~~~~[m[K
      |         [32m[Kstd::count[m[K
In file included from [01m[K/usr/include/c++/9/algorithm:62[m[K,
                 from [01m[K/opt/ros/foxy/include/rosidl_runtime_cpp/bounded_vector.hpp:18[m[K,
                 from [01m[K/opt/ros/foxy/include/geometry_msgs/msg/detail/pose_stamped__struct.hpp:8[m[K,
                 from [01m[K/opt/ros/foxy/include/geometry_msgs/msg/pose_stamped.hpp:7[m[K,
                 from [01m[K/home/joel/Descargas/IR2121/patrollingTask/src/publisher.cpp:2[m[K:
[01m[K/usr/include/c++/9/bits/stl_algo.h:4113:5:[m[K [01;36m[Knote: [m[Kâ€˜[01m[Kstd::count[m[Kâ€™ declared here
 4113 |     [01;36m[Kcount[m[K(_InputIterator __first, _InputIterator __last, const _Tp& __value)
      |     [01;36m[K^~~~~[m[K
[01m[K/home/joel/Descargas/IR2121/patrollingTask/src/publisher.cpp:72:22:[m[K [01;31m[Kerror: [m[Kâ€˜[01m[Kpx[m[Kâ€™ was not declared in this scope; did you mean â€˜[01m[Kp_x[m[Kâ€™?
   72 |         if (std::abs([01;31m[Kpx[m[K-goals[goal_index].pose.position.x)<0.5 && std::abs(py-goals[goal_index].pose.position.y)<0.5 && count>500){
      |                      [01;31m[K^~[m[K
      |                      [32m[Kp_x[m[K
[01m[K/home/joel/Descargas/IR2121/patrollingTask/src/publisher.cpp:72:76:[m[K [01;31m[Kerror: [m[Kâ€˜[01m[Kpy[m[Kâ€™ was not declared in this scope; did you mean â€˜[01m[Kp_y[m[Kâ€™?
   72 | d::abs(px-goals[goal_index].pose.position.x)<0.5 && std::abs([01;31m[Kpy[m[K-goals[goal_index].pose.position.y)<0.5 && count>500){
      |                                                              [01;31m[K^~[m[K
      |                                                              [32m[Kp_y[m[K
[01m[K/home/joel/Descargas/IR2121/patrollingTask/src/publisher.cpp:74:13:[m[K [01;31m[Kerror: [m[Kâ€˜[01m[Ki[m[Kâ€™ was not declared in this scope
   74 |             [01;31m[Ki[m[K+=1;
      |             [01;31m[K^[m[K
make[2]: *** [CMakeFiles/publisher.dir/build.make:63: CMakeFiles/publisher.dir/src/publisher.cpp.o] Error 1
make[1]: *** [CMakeFiles/Makefile2:78: CMakeFiles/publisher.dir/all] Error 2
make: *** [Makefile:141: all] Error 2
