[0.246s] Invoking command in '/home/joel/Descargas/IR2121/build/patrollingTask': CMAKE_PREFIX_PATH=/opt/ros/foxy /usr/bin/cmake /home/joel/Descargas/IR2121/patrollingTask -DCMAKE_INSTALL_PREFIX=/home/joel/Descargas/IR2121/install/patrollingTask
[0.406s] -- The C compiler identification is GNU 9.4.0
[0.534s] -- The CXX compiler identification is GNU 9.4.0
[0.544s] -- Check for working C compiler: /usr/bin/cc
[0.652s] -- Check for working C compiler: /usr/bin/cc -- works
[0.654s] -- Detecting C compiler ABI info
[0.756s] -- Detecting C compiler ABI info - done
[0.774s] -- Detecting C compile features
[0.774s] -- Detecting C compile features - done
[0.779s] -- Check for working CXX compiler: /usr/bin/c++
[0.895s] -- Check for working CXX compiler: /usr/bin/c++ -- works
[0.898s] -- Detecting CXX compiler ABI info
[1.018s] -- Detecting CXX compiler ABI info - done
[1.035s] -- Detecting CXX compile features
[1.036s] -- Detecting CXX compile features - done
[1.043s] -- Found ament_cmake: 0.9.12 (/opt/ros/foxy/share/ament_cmake/cmake)
[1.080s] -- Found PythonInterp: /usr/bin/python3 (found suitable version "3.8.10", minimum required is "3") 
[1.080s] -- Using PYTHON_EXECUTABLE: /usr/bin/python3
[1.442s] -- Found rclcpp: 2.4.3 (/opt/ros/foxy/share/rclcpp/cmake)
[1.525s] -- Using all available rosidl_typesupport_c: rosidl_typesupport_fastrtps_c;rosidl_typesupport_introspection_c
[1.540s] -- Found rosidl_adapter: 1.3.1 (/opt/ros/foxy/share/rosidl_adapter/cmake)
[1.686s] -- Found OpenSSL: /usr/lib/x86_64-linux-gnu/libcrypto.so (found version "1.1.1f")  
[1.734s] -- Found FastRTPS: /opt/ros/foxy/include  
[1.875s] -- Using all available rosidl_typesupport_cpp: rosidl_typesupport_fastrtps_cpp;rosidl_typesupport_introspection_cpp
[1.986s] -- Found rmw_implementation_cmake: 1.0.4 (/opt/ros/foxy/share/rmw_implementation_cmake/cmake)
[1.989s] -- Using RMW implementation 'rmw_fastrtps_cpp' as default
[1.991s] -- Looking for pthread.h
[2.104s] -- Looking for pthread.h - found
[2.105s] -- Performing Test CMAKE_HAVE_LIBC_PTHREAD
[2.220s] -- Performing Test CMAKE_HAVE_LIBC_PTHREAD - Failed
[2.220s] -- Looking for pthread_create in pthreads
[2.312s] -- Looking for pthread_create in pthreads - not found
[2.312s] -- Looking for pthread_create in pthread
[2.416s] -- Looking for pthread_create in pthread - found
[2.418s] -- Found Threads: TRUE  
[2.682s] -- Found geometry_msgs: 2.0.5 (/opt/ros/foxy/share/geometry_msgs/cmake)
[2.746s] -- Found ament_lint_auto: 0.9.8 (/opt/ros/foxy/share/ament_lint_auto/cmake)
[2.838s] WARNING: Package name "patrollingTask" does not follow the naming conventions. It should start with a lower case letter and only contain lower case letters, digits, underscores, and dashes.
[2.892s] -- Added test 'copyright' to check source files copyright and LICENSE
[2.894s] -- Added test 'cppcheck' to perform static code analysis on C / C++ code
[2.894s] -- Configured cppcheck include dirs: 
[2.894s] -- Configured cppcheck exclude dirs and/or files: 
[2.895s] -- Added test 'cpplint' to check C / C++ code against the Google style
[2.895s] -- Configured cpplint exclude dirs and/or files: 
[2.897s] -- Added test 'lint_cmake' to check CMake code style
[2.898s] -- Added test 'uncrustify' to check C / C++ code style
[2.898s] -- Configured uncrustify additional arguments: 
[2.899s] -- Added test 'xmllint' to check XML markup files
[2.904s] -- Configuring done
[2.916s] -- Generating done
[2.918s] -- Build files have been written to: /home/joel/Descargas/IR2121/build/patrollingTask
[2.931s] Invoked command in '/home/joel/Descargas/IR2121/build/patrollingTask' returned '0': CMAKE_PREFIX_PATH=/opt/ros/foxy /usr/bin/cmake /home/joel/Descargas/IR2121/patrollingTask -DCMAKE_INSTALL_PREFIX=/home/joel/Descargas/IR2121/install/patrollingTask
[2.936s] Invoking command in '/home/joel/Descargas/IR2121/build/patrollingTask': CMAKE_PREFIX_PATH=/opt/ros/foxy /usr/bin/cmake --build /home/joel/Descargas/IR2121/build/patrollingTask -- -j8 -l8
[2.998s] [35m[1mScanning dependencies of target publisher[0m
[3.109s] [ 50%] [32mBuilding CXX object CMakeFiles/publisher.dir/src/publisher.cpp.o[0m
[4.910s] [01m[K/home/joel/Descargas/IR2121/patrollingTask/src/publisher.cpp:[m[K In function â€˜[01m[Kint main(int, char**)[m[Kâ€™:
[4.911s] [01m[K/home/joel/Descargas/IR2121/patrollingTask/src/publisher.cpp:25:14:[m[K [01;31m[Kerror: [m[Kexpected primary-expression before â€˜[01m[K.[m[Kâ€™ token
[4.911s]    25 | while (rclcpp[01;31m[K.[m[Kok()) {
[4.911s]       |              [01;31m[K^[m[K
[6.037s] make[2]: *** [CMakeFiles/publisher.dir/build.make:63: CMakeFiles/publisher.dir/src/publisher.cpp.o] Error 1
[6.037s] make[1]: *** [CMakeFiles/Makefile2:78: CMakeFiles/publisher.dir/all] Error 2
[6.037s] make: *** [Makefile:141: all] Error 2
[6.040s] Invoked command in '/home/joel/Descargas/IR2121/build/patrollingTask' returned '2': CMAKE_PREFIX_PATH=/opt/ros/foxy /usr/bin/cmake --build /home/joel/Descargas/IR2121/build/patrollingTask -- -j8 -l8
